<?xml version="1.0" encoding="UTF-8"?>
<!-- Generated by org.testng.reporters.JUnitReportReporter -->
<testsuite skipped="0" hostname="KausikRoy" name="test.PostDiplayTest" tests="1" failures="0" timestamp="2020-02-22T18:11:29 CST" time="12.017" errors="0">
  <testcase name="newPostShouldBeDisplayedOnTable" time="12.017" classname="test.PostDiplayTest"/>
</testsuite> <!-- test.PostDiplayTest -->
