<?xml version="1.0" encoding="UTF-8"?>
<!-- Generated by org.testng.reporters.JUnitReportReporter -->
<testsuite skipped="0" hostname="KausikRoy" name="test.PostDiplayTest" tests="1" failures="0" timestamp="2020-02-19T18:13:32 CST" time="11.920" errors="0">
  <testcase name="newPostShouldBeDisplayedOnTable" time="11.920" classname="test.PostDiplayTest"/>
</testsuite> <!-- test.PostDiplayTest -->
