<?xml version="1.0" encoding="UTF-8"?>
<!-- Generated by org.testng.reporters.JUnitReportReporter -->
<testsuite skipped="0" hostname="KausikRoy" name="test.LogInTest" tests="1" failures="0" timestamp="2020-02-19T17:54:50 CST" time="12.676" errors="0">
  <testcase name="validUserShouldBeAbletoLogin" time="12.676" classname="test.LogInTest"/>
</testsuite> <!-- test.LogInTest -->
